<?xml version="1.0" encoding="UTF-8"?>
<testng-results skipped="0" failed="0" total="1" passed="1">
  <reporter-output>
  </reporter-output>
  <suite name="Default suite" duration-ms="19896" started-at="2017-01-14T07:05:35Z" finished-at="2017-01-14T07:05:54Z">
    <groups>
    </groups>
    <test name="Default test" duration-ms="19896" started-at="2017-01-14T07:05:35Z" finished-at="2017-01-14T07:05:54Z">
      <class name="ebay.EbayEx">
        <test-method status="PASS" signature="navigate()[pri:0, instance:ebay.EbayEx@6e3c1e69]" name="navigate" duration-ms="19873" started-at="2017-01-13T23:05:35Z" finished-at="2017-01-13T23:05:54Z">
          <reporter-output>
          </reporter-output>
        </test-method> <!-- navigate -->
      </class> <!-- ebay.EbayEx -->
    </test> <!-- Default test -->
  </suite> <!-- Default suite -->
</testng-results>
