<?xml version="1.0" encoding="UTF-8"?>
<!-- Generated by org.testng.reporters.JUnitXMLReporter -->
<testsuite hostname="family" name="Test" tests="4" failures="1" timestamp="15 Jan 2017 20:28:40 GMT" time="22.787" errors="0">
  <testcase name="testCountCategories" time="1.364" classname="com.test.HomePageTest"/>
  <testcase name="testNavigate" time="3.005" classname="com.test.HomePageTest"/>
  <testcase name="testClickLink" time="1.718" classname="com.test.VehiclesPageTest">
    <failure type="org.junit.ComparisonFailure" message="expected:&amp;lt;...://www.ebay.com/rpp/[car-truck-]vehicles&amp;gt; but was:&amp;lt;...://www.ebay.com/rpp/[]vehicles&amp;gt;">
      <![CDATA[org.junit.ComparisonFailure: expected:<...://www.ebay.com/rpp/[car-truck-]vehicles> but was:<...://www.ebay.com/rpp/[]vehicles>
	at org.junit.Assert.assertEquals(Assert.java:115)
	at org.junit.Assert.assertEquals(Assert.java:144)
	at com.test.VehiclesPageTest.testClickLink(VehiclesPageTest.java:23)
... Removed 24 stack frames]]>
    </failure>
  </testcase> <!-- testClickLink -->
  <testcase name="testLogo" time="0.082" classname="com.test.VehiclesPageTest"/>
</testsuite> <!-- Test -->
